<?xml version="1.0" encoding="UTF-8"?>
<!-- Generated by org.testng.reporters.JUnitXMLReporter -->
<testsuite ignored="0" hostname="Vaibhav-HP" failures="1" tests="1" name="chromeTest" time="23.255" errors="0" timestamp="2024-09-07T22:37:32 IST">
  <testcase classname="testCases.TC_LoginTest" name="verify_login" time="10.112">
    <failure type="java.lang.AssertionError" message="null">
      <![CDATA[java.lang.AssertionError: null
at testCases.TC_LoginTest.verify_login(TC_LoginTest.java:26)
at java.base/java.util.ArrayList.forEach(ArrayList.java:1596)
... Removed 27 stack frames]]>
    </failure>
  </testcase> <!-- verify_login -->
</testsuite> <!-- chromeTest -->
